<?xml version="1.0" encoding="UTF-8"?>
<!-- Generated by org.testng.reporters.JUnitReportReporter -->
<testsuite hostname="Muhammads-MacBook-Air.local" failures="0" tests="1" name="com.shop.demoqa.testing.TestLogout" time="13.398" errors="0" timestamp="2022-08-22T17:48:18 WIB" skipped="0">
  <testcase classname="com.shop.demoqa.testing.TestLogout" name="logout" time="13.398"/>
  <system-out/>
</testsuite> <!-- com.shop.demoqa.testing.TestLogout -->
