<?xml version="1.0" encoding="UTF-8"?>
<!-- Generated by org.testng.reporters.JUnitReportReporter -->
<testsuite hostname="Muhammads-MacBook-Air.local" failures="0" tests="1" name="com.shop.demoqa.testing.TestSearch" time="8.399" errors="0" timestamp="2022-08-22T17:48:55 WIB" skipped="0">
  <testcase classname="com.shop.demoqa.testing.TestSearch" name="itemAvailabe" time="8.399"/>
  <system-out/>
</testsuite> <!-- com.shop.demoqa.testing.TestSearch -->
